Watching for file changes with StatReloader
Watching for file changes with StatReloader
Watching for file changes with StatReloader
Watching for file changes with StatReloader
Watching for file changes with StatReloader
Watching for file changes with StatReloader
Watching for file changes with StatReloader
Watching for file changes with StatReloader
"GET / HTTP/1.1" 302 0
Internal Server Error: /accounts/signup/login/
Traceback (most recent call last):
  File "C:\Users\User\360ground\venv\Lib\site-packages\django\core\handlers\exception.py", line 55, in inner
    response = get_response(request)
  File "C:\Users\User\360ground\venv\Lib\site-packages\django\core\handlers\base.py", line 220, in _get_response
    response = response.render()
  File "C:\Users\User\360ground\venv\Lib\site-packages\django\template\response.py", line 114, in render
    self.content = self.rendered_content
                   ^^^^^^^^^^^^^^^^^^^^^
  File "C:\Users\User\360ground\venv\Lib\site-packages\django\template\response.py", line 90, in rendered_content
    template = self.resolve_template(self.template_name)
  File "C:\Users\User\360ground\venv\Lib\site-packages\django\template\response.py", line 72, in resolve_template
    return select_template(template, using=self.using)
  File "C:\Users\User\360ground\venv\Lib\site-packages\django\template\loader.py", line 47, in select_template
    raise TemplateDoesNotExist(", ".join(template_name_list), chain=chain)
django.template.exceptions.TemplateDoesNotExist: registration/login.html
"GET /accounts/signup/login/?next=/ HTTP/1.1" 500 89469
C:\Users\User\360ground\event_scheduler\event_scheduler\settings.py changed, reloading.
Watching for file changes with StatReloader
C:\Users\User\360ground\event_scheduler\event_scheduler\settings.py changed, reloading.
Watching for file changes with StatReloader
C:\Users\User\360ground\event_scheduler\event_scheduler\urls.py changed, reloading.
Watching for file changes with StatReloader
C:\Users\User\360ground\event_scheduler\event_scheduler\urls.py changed, reloading.
Watching for file changes with StatReloader
